<?xml version="1.0" encoding="UTF-8" ?>
<testsuite failures="0" time="58.922" errors="0" skipped="0" tests="4" name="com.yahoo.hadoop_bsp.SimpleBspTest">
  <properties>
    <property name="java.runtime.name" value="Java(TM) SE Runtime Environment"/>
    <property name="sun.boot.library.path" value="/System/Library/Java/JavaVirtualMachines/1.6.0.jdk/Contents/Libraries"/>
    <property name="java.vm.version" value="17.1-b03-307"/>
    <property name="awt.nativeDoubleBuffering" value="true"/>
    <property name="gopherProxySet" value="false"/>
    <property name="mrj.build" value="10M3261"/>
    <property name="java.vm.vendor" value="Apple Inc."/>
    <property name="java.vendor.url" value="http://www.apple.com/"/>
    <property name="path.separator" value=":"/>
    <property name="java.vm.name" value="Java HotSpot(TM) 64-Bit Server VM"/>
    <property name="file.encoding.pkg" value="sun.io"/>
    <property name="user.country" value="US"/>
    <property name="sun.java.launcher" value="SUN_STANDARD"/>
    <property name="sun.os.patch.level" value="unknown"/>
    <property name="java.vm.specification.name" value="Java Virtual Machine Specification"/>
    <property name="user.dir" value="/Users/ckunz/Documents/workspace/hadoop_bsp"/>
    <property name="java.runtime.version" value="1.6.0_22-b04-307-10M3261"/>
    <property name="java.awt.graphicsenv" value="apple.awt.CGraphicsEnvironment"/>
    <property name="basedir" value="/Users/ckunz/Documents/workspace/hadoop_bsp"/>
    <property name="java.endorsed.dirs" value="/System/Library/Java/JavaVirtualMachines/1.6.0.jdk/Contents/Home/lib/endorsed"/>
    <property name="os.arch" value="x86_64"/>
    <property name="surefire.real.class.path" value="/var/folders/P3/P3HfTBdwH14-ZsVWdQanJk++7xA/-Tmp-/surefirebooter4183726633949853677.jar"/>
    <property name="java.io.tmpdir" value="/var/folders/P3/P3HfTBdwH14-ZsVWdQanJk++7xA/-Tmp-/"/>
    <property name="line.separator" value="
"/>
    <property name="java.vm.specification.vendor" value="Sun Microsystems Inc."/>
    <property name="os.name" value="Mac OS X"/>
    <property name="sun.jnu.encoding" value="MacRoman"/>
    <property name="java.library.path" value=".:/Library/Java/Extensions:/System/Library/Java/Extensions:/usr/lib/java"/>
    <property name="surefire.test.class.path" value="/Users/ckunz/Documents/workspace/hadoop_bsp/target/test-classes:/Users/ckunz/Documents/workspace/hadoop_bsp/target/classes:/Users/ckunz/.m2/repository/junit/junit/3.8.1/junit-3.8.1.jar:/Users/ckunz/.m2/repository/org/apache/hadoop/hadoop-core/0.20.2/hadoop-core-0.20.2.jar:/Users/ckunz/.m2/repository/commons-cli/commons-cli/1.2/commons-cli-1.2.jar:/Users/ckunz/.m2/repository/xmlenc/xmlenc/0.52/xmlenc-0.52.jar:/Users/ckunz/.m2/repository/commons-httpclient/commons-httpclient/3.0.1/commons-httpclient-3.0.1.jar:/Users/ckunz/.m2/repository/commons-logging/commons-logging/1.0.3/commons-logging-1.0.3.jar:/Users/ckunz/.m2/repository/commons-codec/commons-codec/1.3/commons-codec-1.3.jar:/Users/ckunz/.m2/repository/commons-net/commons-net/1.4.1/commons-net-1.4.1.jar:/Users/ckunz/.m2/repository/oro/oro/2.0.8/oro-2.0.8.jar:/Users/ckunz/.m2/repository/org/mortbay/jetty/jetty/6.1.14/jetty-6.1.14.jar:/Users/ckunz/.m2/repository/org/mortbay/jetty/jetty-util/6.1.14/jetty-util-6.1.14.jar:/Users/ckunz/.m2/repository/org/mortbay/jetty/servlet-api-2.5/6.1.14/servlet-api-2.5-6.1.14.jar:/Users/ckunz/.m2/repository/tomcat/jasper-runtime/5.5.12/jasper-runtime-5.5.12.jar:/Users/ckunz/.m2/repository/tomcat/jasper-compiler/5.5.12/jasper-compiler-5.5.12.jar:/Users/ckunz/.m2/repository/org/mortbay/jetty/jsp-api-2.1/6.1.14/jsp-api-2.1-6.1.14.jar:/Users/ckunz/.m2/repository/org/mortbay/jetty/jsp-2.1/6.1.14/jsp-2.1-6.1.14.jar:/Users/ckunz/.m2/repository/org/eclipse/jdt/core/3.1.1/core-3.1.1.jar:/Users/ckunz/.m2/repository/ant/ant/1.6.5/ant-1.6.5.jar:/Users/ckunz/.m2/repository/commons-el/commons-el/1.0/commons-el-1.0.jar:/Users/ckunz/.m2/repository/net/java/dev/jets3t/jets3t/0.7.1/jets3t-0.7.1.jar:/Users/ckunz/.m2/repository/net/sf/kosmosfs/kfs/0.3/kfs-0.3.jar:/Users/ckunz/.m2/repository/hsqldb/hsqldb/1.8.0.10/hsqldb-1.8.0.10.jar:/Users/ckunz/.m2/repository/org/apache/zookeeper/zookeeper/3.3.1/zookeeper-3.3.1.jar:/Users/ckunz/.m2/repository/log4j/log4j/1.2.15/log4j-1.2.15.jar:/Users/ckunz/.m2/repository/javax/mail/mail/1.4/mail-1.4.jar:/Users/ckunz/.m2/repository/javax/activation/activation/1.1/activation-1.1.jar:/Users/ckunz/.m2/repository/javax/jms/jms/1.1/jms-1.1.jar:/Users/ckunz/.m2/repository/com/sun/jdmk/jmxtools/1.2.1/jmxtools-1.2.1.jar:/Users/ckunz/.m2/repository/com/sun/jmx/jmxri/1.2.1/jmxri-1.2.1.jar:/Users/ckunz/.m2/repository/jline/jline/0.9.94/jline-0.9.94.jar:/Users/ckunz/.m2/repository/org/apache/commons/commons-io/1.3.2/commons-io-1.3.2.jar:"/>
    <property name="prop.jarLocation" value="target/hadoop_bsp-1.0-SNAPSHOT-jar-with-dependencies.jar"/>
    <property name="java.specification.name" value="Java Platform API Specification"/>
    <property name="java.class.version" value="50.0"/>
    <property name="sun.management.compiler" value="HotSpot 64-Bit Server Compiler"/>
    <property name="os.version" value="10.6.5"/>
    <property name="http.nonProxyHosts" value="local|*.local|169.254/16|*.169.254/16"/>
    <property name="user.home" value="/Users/ckunz"/>
    <property name="user.timezone" value="America/Los_Angeles"/>
    <property name="java.awt.printerjob" value="apple.awt.CPrinterJob"/>
    <property name="java.specification.version" value="1.6"/>
    <property name="file.encoding" value="MacRoman"/>
    <property name="user.name" value="ckunz"/>
    <property name="java.class.path" value="/Users/ckunz/Documents/workspace/hadoop_bsp/target/test-classes:/Users/ckunz/Documents/workspace/hadoop_bsp/target/classes:/Users/ckunz/.m2/repository/junit/junit/3.8.1/junit-3.8.1.jar:/Users/ckunz/.m2/repository/org/apache/hadoop/hadoop-core/0.20.2/hadoop-core-0.20.2.jar:/Users/ckunz/.m2/repository/commons-cli/commons-cli/1.2/commons-cli-1.2.jar:/Users/ckunz/.m2/repository/xmlenc/xmlenc/0.52/xmlenc-0.52.jar:/Users/ckunz/.m2/repository/commons-httpclient/commons-httpclient/3.0.1/commons-httpclient-3.0.1.jar:/Users/ckunz/.m2/repository/commons-logging/commons-logging/1.0.3/commons-logging-1.0.3.jar:/Users/ckunz/.m2/repository/commons-codec/commons-codec/1.3/commons-codec-1.3.jar:/Users/ckunz/.m2/repository/commons-net/commons-net/1.4.1/commons-net-1.4.1.jar:/Users/ckunz/.m2/repository/oro/oro/2.0.8/oro-2.0.8.jar:/Users/ckunz/.m2/repository/org/mortbay/jetty/jetty/6.1.14/jetty-6.1.14.jar:/Users/ckunz/.m2/repository/org/mortbay/jetty/jetty-util/6.1.14/jetty-util-6.1.14.jar:/Users/ckunz/.m2/repository/org/mortbay/jetty/servlet-api-2.5/6.1.14/servlet-api-2.5-6.1.14.jar:/Users/ckunz/.m2/repository/tomcat/jasper-runtime/5.5.12/jasper-runtime-5.5.12.jar:/Users/ckunz/.m2/repository/tomcat/jasper-compiler/5.5.12/jasper-compiler-5.5.12.jar:/Users/ckunz/.m2/repository/org/mortbay/jetty/jsp-api-2.1/6.1.14/jsp-api-2.1-6.1.14.jar:/Users/ckunz/.m2/repository/org/mortbay/jetty/jsp-2.1/6.1.14/jsp-2.1-6.1.14.jar:/Users/ckunz/.m2/repository/org/eclipse/jdt/core/3.1.1/core-3.1.1.jar:/Users/ckunz/.m2/repository/ant/ant/1.6.5/ant-1.6.5.jar:/Users/ckunz/.m2/repository/commons-el/commons-el/1.0/commons-el-1.0.jar:/Users/ckunz/.m2/repository/net/java/dev/jets3t/jets3t/0.7.1/jets3t-0.7.1.jar:/Users/ckunz/.m2/repository/net/sf/kosmosfs/kfs/0.3/kfs-0.3.jar:/Users/ckunz/.m2/repository/hsqldb/hsqldb/1.8.0.10/hsqldb-1.8.0.10.jar:/Users/ckunz/.m2/repository/org/apache/zookeeper/zookeeper/3.3.1/zookeeper-3.3.1.jar:/Users/ckunz/.m2/repository/log4j/log4j/1.2.15/log4j-1.2.15.jar:/Users/ckunz/.m2/repository/javax/mail/mail/1.4/mail-1.4.jar:/Users/ckunz/.m2/repository/javax/activation/activation/1.1/activation-1.1.jar:/Users/ckunz/.m2/repository/javax/jms/jms/1.1/jms-1.1.jar:/Users/ckunz/.m2/repository/com/sun/jdmk/jmxtools/1.2.1/jmxtools-1.2.1.jar:/Users/ckunz/.m2/repository/com/sun/jmx/jmxri/1.2.1/jmxri-1.2.1.jar:/Users/ckunz/.m2/repository/jline/jline/0.9.94/jline-0.9.94.jar:/Users/ckunz/.m2/repository/org/apache/commons/commons-io/1.3.2/commons-io-1.3.2.jar:"/>
    <property name="java.vm.specification.version" value="1.0"/>
    <property name="sun.arch.data.model" value="64"/>
    <property name="java.home" value="/System/Library/Java/JavaVirtualMachines/1.6.0.jdk/Contents/Home"/>
    <property name="java.specification.vendor" value="Sun Microsystems Inc."/>
    <property name="user.language" value="en"/>
    <property name="awt.toolkit" value="apple.awt.CToolkit"/>
    <property name="java.vm.info" value="mixed mode"/>
    <property name="java.version" value="1.6.0_22"/>
    <property name="java.ext.dirs" value="/Library/Java/Extensions:/System/Library/Java/Extensions:/System/Library/Java/JavaVirtualMachines/1.6.0.jdk/Contents/Home/lib/ext"/>
    <property name="sun.boot.class.path" value="/System/Library/Java/JavaVirtualMachines/1.6.0.jdk/Contents/Classes/jsfd.jar:/System/Library/Java/JavaVirtualMachines/1.6.0.jdk/Contents/Classes/classes.jar:/System/Library/Frameworks/JavaVM.framework/Frameworks/JavaRuntimeSupport.framework/Resources/Java/JavaRuntimeSupport.jar:/System/Library/Java/JavaVirtualMachines/1.6.0.jdk/Contents/Classes/ui.jar:/System/Library/Java/JavaVirtualMachines/1.6.0.jdk/Contents/Classes/laf.jar:/System/Library/Java/JavaVirtualMachines/1.6.0.jdk/Contents/Classes/sunrsasign.jar:/System/Library/Java/JavaVirtualMachines/1.6.0.jdk/Contents/Classes/jsse.jar:/System/Library/Java/JavaVirtualMachines/1.6.0.jdk/Contents/Classes/jce.jar:/System/Library/Java/JavaVirtualMachines/1.6.0.jdk/Contents/Classes/charsets.jar"/>
    <property name="java.vendor" value="Apple Inc."/>
    <property name="localRepository" value="/Users/ckunz/.m2/repository"/>
    <property name="file.separator" value="/"/>
    <property name="java.vendor.url.bug" value="http://bugreport.apple.com/"/>
    <property name="sun.cpu.endian" value="little"/>
    <property name="sun.io.unicode.encoding" value="UnicodeLittle"/>
    <property name="mrj.version" value="1060.1.6.0_22-307"/>
    <property name="socksNonProxyHosts" value="local|*.local|169.254/16|*.169.254/16"/>
    <property name="ftp.nonProxyHosts" value="local|*.local|169.254/16|*.169.254/16"/>
    <property name="sun.cpu.isalist" value=""/>
  </properties>
  <testcase time="1.979" classname="com.yahoo.hadoop_bsp.SimpleBspTest" name="testInstantiateVertex"/>
  <testcase time="32.672" classname="com.yahoo.hadoop_bsp.SimpleBspTest" name="testBspSuperStep"/>
  <testcase time="11.724" classname="com.yahoo.hadoop_bsp.SimpleBspTest" name="testBspMsg"/>
  <testcase time="12.521" classname="com.yahoo.hadoop_bsp.SimpleBspTest" name="testBspPageRank"/>
</testsuite>